Error[105]   ../extra.asm 16 : Cannot open file (Include File "P18F4550.INC" not found)
Error[113]   ../extra.asm 95 : Symbol not previously defined (FAST)
Error[113]   ../extra.asm 103 : Symbol not previously defined (STATUS)
Error[113]   ../extra.asm 104 : Symbol not previously defined (WREG)
Error[113]   ../extra.asm 105 : Symbol not previously defined (BSR)
Error[113]   ../extra.asm 110 : Symbol not previously defined (BSR)
Error[113]   ../extra.asm 111 : Symbol not previously defined (WREG)
Error[113]   ../extra.asm 112 : Symbol not previously defined (STATUS)
Error[113]   ../extra.asm 133 : Symbol not previously defined (TRISD)
Error[113]   ../macro.asm 11 : Symbol not previously defined (ADCON1)
Error[113]   ../macro.asm 13 : Symbol not previously defined (TRISD)
Error[113]   ../macro.asm 14 : Symbol not previously defined (TRISC)
Error[113]   ../macro.asm 16 : Symbol not previously defined (TRISE)
Error[113]   ../macro.asm 18 : Symbol not previously defined (TRISE)
Error[113]   ../macro.asm 21 : Symbol not previously defined (LATC)
Error[113]   ../macro.asm 32 : Symbol not previously defined (LATE)
Error[113]   ../macro.asm 33 : Symbol not previously defined (LATE)
Error[113]   ../macro.asm 36 : Symbol not previously defined (LATD)
Error[113]   ../macro.asm 40 : Symbol not previously defined (LATD)
Error[113]   ../macro.asm 44 : Symbol not previously defined (LATD)
Error[113]   ../macro.asm 48 : Symbol not previously defined (LATD)
Error[113]   ../macro.asm 52 : Symbol not previously defined (LATD)
Error[113]   ../macro.asm 60 : Symbol not previously defined (LATE)
Error[113]   ../macro.asm 61 : Symbol not previously defined (LATE)
Error[113]   ../macro.asm 63 : Symbol not previously defined (LATD)
Error[113]   ../macro.asm 65 : Symbol not previously defined (LATE)
Error[113]   ../macro.asm 66 : Symbol not previously defined (LATE)
Error[113]   ../extra.asm 153 : Symbol not previously defined (LATD)
Error[113]   ../extra.asm 157 : Symbol not previously defined (LATD)
Error[113]   ../extra.asm 160 : Symbol not previously defined (LATD)
Error[113]   ../extra.asm 164 : Symbol not previously defined (LATD)
Error[113]   ../extra.asm 167 : Symbol not previously defined (LATD)
Error[113]   ../subroutine.asm 10 : Symbol not previously defined (LATE)
Error[113]   ../subroutine.asm 12 : Symbol not previously defined (LATE)
