MPASM  5.50                TEMPLATEDWENGO.ASM   2-9-2015  10:57:27         PAGE  1


LOC  OBJECT CODE     LINE SOURCE TEXT
  VALUE

                      00001 ;******************************************************************************
                      00002 ;       Dit bestand is een basis template om assembler code te schrijven voor de 
                      00003 ;       PIC18F4550. Het is speciaal aangepast om gebruik te kunnen maken van de
                      00004 ;       HID bootloader en toch simulatie toe te laten
                      00005 ;
                      00006 ;******************************************************************************
                      00007 ;                                                                             *
                      00008 ;    Files required:         P18F4550.INC                                     *
                      00009 ;                            dwengo.LKR                                                                 
                                              *
                      00010 ;                                                                                                       
                                                                      *
                      00011 ;                                                                             *
                      00012 ;                                                                             *
                      00013 ;******************************************************************************
                      00014 
                      00015         LIST P=18F4550, F=INHX32        ;directive to define processor
                      00016         #include <P18F4550.INC> ;processor specific variable definitions
                      00001         LIST
                      00002 
                      00003 ;==========================================================================
                      00004 ;  MPASM PIC18F4550 processor include
                      00005 ; 
                      00006 ;  (c) Copyright 1999-2013 Microchip Technology, All rights reserved
                      00007 ;==========================================================================
                      00008 
                      01764         LIST
                      00017 
                      00018 
                      00019 
                      00020 ; definitie variabelen
                      00021                 UDATA 0x300
                      00022 
000300                00023 WREG_TEMP       RES     1       ;variable in RAM for context saving 
000301                00024 STATUS_TEMP     RES     1       ;variable in RAM for context saving
000302                00025 BSR_TEMP        RES     1       ;variable in RAM for context saving
                      00026 
000303                00027 DVAR1           RES 1
000304                00028 DVAR2           RES 1
000305                00029 DVAR3           RES 1
                      00030 
000306                00031 honderdtal      RES 1
000307                00032 tiental         RES 1
000308                00033 eenheid         RES 1
000309                00034 deeltal         RES 1
00030A                00035 quotient        RES 1
                      00036 
00030B                00037 voorbeeld       RES 1   ;op deze manier maak je een geheugenplaats van 1 byte die je kan gebruiken via d
                            e naam "voorbeeld"
                      00038 
                      00039 ;hier eventueel extra variabelen toevoegen
                      00040 
                      00041 
MPASM  5.50                TEMPLATEDWENGO.ASM   2-9-2015  10:57:27         PAGE  2


LOC  OBJECT CODE     LINE SOURCE TEXT
  VALUE

                      00042 ; Access Bank
                      00043 
                      00044                 UDATA_ACS
                      00045 
000000                00046 EXAMPLE         RES     1       ; example of a variable in access RAM
                      00047 
                      00048 
                      00049 
                      00050 ;******************************************************************************
                      00051 ;EEPROM data
                      00052 ; Data to be programmed into the Data EEPROM is defined here
                      00053 
                      00054 
                      00055 DATA_EEPROM     CODE    0xf00000
                      00056 
                      00057         ;       DE      "Test Data",0,1,2,3,4,5
                      00058 
                      00059 ;******************************************************************************
                      00060 ;Reset vector
                      00061 ; This code will start executing when a reset occurs.
                      00062         org 0x0
000000 EF00 F010      00063         goto 0x2000
                      00064 
                      00065         org 0x08
000008 EF04 F010      00066         goto 0x2008
                      00067 
                      00068         org 0x18
000018 EF0C F010      00069         goto 0x2018
                      00070 
                      00071 
                      00072 RESET_VECTOR    CODE    0x2000
                      00073 
002000 EF?? F???      00074                 goto    Main            ;go to start of main code
                      00075 
                      00076 HI_INT_VECTOR   CODE    0x2008
                      00077 
002008 EF?? F???      00078                 goto    HighInt         ;go to high priority interrupt routine
                      00079 
                      00080 LOW_INT_VECTOR  CODE    0x2018
                      00081 
002018 EF?? F???      00082                 goto    LowInt          ;go to low priority interrupt routine
                      00083 
                      00084 ;******************************************************************************
                      00085 ;High priority interrupt routine
                      00086 ; The high priority interrupt code is placed here to avoid conflicting with
                      00087 ; the low priority interrupt vector.
                      00088                 CODE
                      00089 
000000                00090 HighInt:
                      00091 
000000 0011           00092         Retfie FAST
                      00093 
                      00094 
MPASM  5.50                TEMPLATEDWENGO.ASM   2-9-2015  10:57:27         PAGE  3


LOC  OBJECT CODE     LINE SOURCE TEXT
  VALUE

                      00095 ;******************************************************************************
                      00096 ;Low priority interrupt routine
                      00097 ; The low priority interrupt code is placed here.
                      00098 ; This code can be removed if low priority interrupts are not used.
000002                00099 LowInt:
000002 CFD8 F???      00100                 movff   STATUS,STATUS_TEMP      ;save STATUS register
000006 CFE8 F???      00101                 movff   WREG,WREG_TEMP          ;save working register
00000A CFE0 F???      00102                 movff   BSR,BSR_TEMP            ;save BSR register
                      00103 
                      00104 ;       *** low priority interrupt code goes here ***
                      00105 
                      00106 
00000E C??? FFE0      00107                 movff   BSR_TEMP,BSR            ;restore BSR register
000012 C??? FFE8      00108                 movff   WREG_TEMP,WREG          ;restore working register
000016 C??? FFD8      00109                 movff   STATUS_TEMP,STATUS      ;restore STATUS register
00001A 0010           00110                 retfie
                      00111 
                      00112 ;******************************************************************************
                      00113 ; Hoofdprogramma
                      00114 ; Schrijf al je code onder het label main
                      00115 ; subroutines voeg je onderaan toe
                      00116 ; macro's bovenaan
                      00117 
00001C                00118 Main:
                      00119 
                      00120 ; ===========
                      00121 ; MACRO's
                      00122 ; ===========
                      00123 
                      00124 #include "macro.asm"
                      00001 ; ===========
                      00002 ; MACRO's
                      00003 ; ===========
                      00004 
                      00005 
                      00006 ; INITIALISATIE LCD op Dwengo bord
                      00007 ; ================================
                      00008 LCD_Init Macro
                      00009 ; poorten instellen LCD (Dwengo)
                      00010         movlw   0Ah 
                      00011         movwf   ADCON1          ; RBE als digitale poorten
                      00012 
                      00013         clrf    TRISD           ; poort D = data LCD
                      00014         bcf             TRISC,0         ; LED verlichting LCD
                      00015 
                      00016         bcf             TRISE,0     ; RS
                      00017 ;       bcf             TRISE,1         ; RW (aan GND bij enkel schrijven)
                      00018         bcf             TRISE,2         ; E     
                      00019         
                      00020 ; achtergrondverlichting aan
                      00021         bsf             LATC,0
                      00022 
                      00023 ; wachten op stabilisatie LCD bij aanleggen voedingsspanning
MPASM  5.50                TEMPLATEDWENGO.ASM   2-9-2015  10:57:27         PAGE  4


LOC  OBJECT CODE     LINE SOURCE TEXT
  VALUE

                      00024         movlw   0xFF
                      00025         movwf   DVAR3
                      00026 DelayLang:
                      00027         call    DelayLCD                
                      00028         decfsz  DVAR3
                      00029         goto    DelayLang
                      00030 
                      00031 ; LCD initialiseren
                      00032         bcf             LATE,0          ; RS laag
                      00033         bcf             LATE,2          ; E laag
                      00034         
                      00035         movlw   B'00000001'     ; clear display
                      00036         movwf   LATD
                      00037         call    Epuls
                      00038 
                      00039         movlw   B'00111000'     ; interface length: byte, 2 lijnen, 5x7 dots
                      00040         movwf   LATD
                      00041         call    Epuls
                      00042 
                      00043         movlw   B'00001100'     ; display aan, geen cursor, geen blinking
                      00044         movwf   LATD
                      00045         call    Epuls
                      00046 
                      00047         movlw   B'00000110'     ; richting cursorpositie
                      00048         movwf   LATD
                      00049         call    Epuls
                      00050 
                      00051         movlw   B'00000001'     ; clear display
                      00052         movwf   LATD
                      00053         call    Epuls
                      00054         
                      00055         EndM
                      00056 
                      00057 ; Adres op eerste lijn - LCD op Dwengo bord
                      00058 ; =========================================
                      00059 LCD_Lijn1 Macro
                      00060         bcf             LATE,0          ; RS laag
                      00061         bcf             LATE,2          ; E laag
                      00062         movlw   B'10000000'     ; move cursor to display (adres 0 = 1e lijn)
                      00063         movwf   LATD
                      00064         call    Epuls
                      00065         bsf             LATE,0          ; RS hoog
                      00066         bcf             LATE,2          ; E laag
                      00067         
                      00068         EndM
                      00069         
                      00070 ; Adres op tweede lijn - LCD op Dwengo bord
                      00071 ; =========================================
                      00072 LCD_Lijn2 Macro
                      00073         bcf             LATE,0          ; RS laag
                      00074         bcf             LATE,2          ; E laag
                      00075         movlw   B'10101000'     ; move cursor to display (adres 0x28 = 2e lijn)
                      00076         movwf   LATD
MPASM  5.50                TEMPLATEDWENGO.ASM   2-9-2015  10:57:27         PAGE  5


LOC  OBJECT CODE     LINE SOURCE TEXT
  VALUE

                      00077         call    Epuls
                      00078         bsf             LATE,0          ; RS hoog
                      00079         bcf             LATE,2          ; E laag
                      00080         
                      00081         EndM
                      00082 
                      00083 ; Schrijven karakter naar huidige positie - LCD op Dwengo bord
                      00084 ; ============================================================
                      00085 LCD_Char MACRO karakter
                      00086         movlw   karakter
                      00087         movwf   LATD
                      00088         call    Epuls
                      00089         
                      00090         EndM
                      00091 
                      00092 
                      00093 ; Schrijven decimaal getal naar huidige positie - LCD (max. 255)
                      00094 ; ==============================================================
                      00095 
                      00096 LCD_Getal Macro getal  
                      00097         movlw   getal
                      00098         movwf   deeltal
                      00099         call    omzettingDecimaal
                      00100 
                      00101         movff   honderdtal,WREG
                      00102         addlw   '0'
                      00103         movwf   LATD
                      00104         call    Epuls
                      00105 
                      00106         movff   tiental,WREG
                      00107         addlw   '0'
                      00108         movwf   LATD
                      00109         call    Epuls
                      00110 
                      00111         movff   eenheid,WREG
                      00112         addlw   '0'
                      00113         movwf   LATD
                      00114         call    Epuls
                      00115 
                      00116         EndM
                      00125 
                      00126 ; ===============
                      00127 ; HOOFDPROGRAMMA
                      00128 ; ===============
                      00129 
00001C 6A95           00130                 clrf TRISD              ; poort D als uitgang (LED's + LCD)
                      00131                 LCD_Init
                          M ; poorten instellen LCD (Dwengo)
00001E 0E0A               M         movlw   0Ah 
000020 6EC1               M         movwf   ADCON1          ; RBE als digitale poorten
                          M 
000022 6A95               M         clrf    TRISD           ; poort D = data LCD
000024 9094               M         bcf             TRISC,0         ; LED verlichting LCD
MPASM  5.50                TEMPLATEDWENGO.ASM   2-9-2015  10:57:27         PAGE  6


LOC  OBJECT CODE     LINE SOURCE TEXT
  VALUE

                          M 
000026 9096               M         bcf             TRISE,0     ; RS
                          M ;       bcf             TRISE,1         ; RW (aan GND bij enkel schrijven)
000028 9496               M         bcf             TRISE,2         ; E     
                          M         
                          M ; achtergrondverlichting aan
00002A 808B               M         bsf             LATC,0
                          M 
                          M ; wachten op stabilisatie LCD bij aanleggen voedingsspanning
00002C 0EFF               M         movlw   0xFF
00002E 6E??               M         movwf   DVAR3
000030                    M DelayLang:
000030 EC?? F???          M         call    DelayLCD                
000034 2E??               M         decfsz  DVAR3
000036 EF?? F???          M         goto    DelayLang
                          M 
                          M ; LCD initialiseren
00003A 908D               M         bcf             LATE,0          ; RS laag
00003C 948D               M         bcf             LATE,2          ; E laag
                          M         
00003E 0E01               M         movlw   B'00000001'     ; clear display
000040 6E8C               M         movwf   LATD
000042 EC?? F???          M         call    Epuls
                          M 
000046 0E38               M         movlw   B'00111000'     ; interface length: byte, 2 lijnen, 5x7 dots
000048 6E8C               M         movwf   LATD
00004A EC?? F???          M         call    Epuls
                          M 
00004E 0E0C               M         movlw   B'00001100'     ; display aan, geen cursor, geen blinking
000050 6E8C               M         movwf   LATD
000052 EC?? F???          M         call    Epuls
                          M 
000056 0E06               M         movlw   B'00000110'     ; richting cursorpositie
000058 6E8C               M         movwf   LATD
00005A EC?? F???          M         call    Epuls
                          M 
00005E 0E01               M         movlw   B'00000001'     ; clear display
000060 6E8C               M         movwf   LATD
000062 EC?? F???          M         call    Epuls
                          M         
                      00132 
                      00133                 ;code
                      00134                 LCD_Lijn1
000066 908D               M         bcf             LATE,0          ; RS laag
000068 948D               M         bcf             LATE,2          ; E laag
00006A 0E80               M         movlw   B'10000000'     ; move cursor to display (adres 0 = 1e lijn)
00006C 6E8C               M         movwf   LATD
00006E EC?? F???          M         call    Epuls
000072 808D               M         bsf             LATE,0          ; RS hoog
000074 948D               M         bcf             LATE,2          ; E laag
                          M         
                      00135                 LCD_Getal 0x50
000076 0E50               M         movlw   0x50
MPASM  5.50                TEMPLATEDWENGO.ASM   2-9-2015  10:57:27         PAGE  7


LOC  OBJECT CODE     LINE SOURCE TEXT
  VALUE

000078 6E??               M         movwf   deeltal
00007A EC?? F???          M         call    omzettingDecimaal
                          M 
00007E C??? FFE8          M         movff   honderdtal,WREG
000082 0F30               M         addlw   '0'
000084 6E8C               M         movwf   LATD
000086 EC?? F???          M         call    Epuls
                          M 
00008A C??? FFE8          M         movff   tiental,WREG
00008E 0F30               M         addlw   '0'
000090 6E8C               M         movwf   LATD
000092 EC?? F???          M         call    Epuls
                          M 
000096 C??? FFE8          M         movff   eenheid,WREG
00009A 0F30               M         addlw   '0'
00009C 6E8C               M         movwf   LATD
00009E EC?? F???          M         call    Epuls
                          M 
                      00136                 
                      00137                 LCD_Lijn2
0000A2 908D               M         bcf             LATE,0          ; RS laag
0000A4 948D               M         bcf             LATE,2          ; E laag
0000A6 0EA8               M         movlw   B'10101000'     ; move cursor to display (adres 0x28 = 2e lijn)
0000A8 6E8C               M         movwf   LATD
0000AA EC?? F???          M         call    Epuls
0000AE 808D               M         bsf             LATE,0          ; RS hoog
0000B0 948D               M         bcf             LATE,2          ; E laag
                          M         
                      00138                 LCD_Getal B'01010000'
0000B2 0E50               M         movlw   B'01010000'
0000B4 6E??               M         movwf   deeltal
0000B6 EC?? F???          M         call    omzettingDecimaal
                          M 
0000BA C??? FFE8          M         movff   honderdtal,WREG
0000BE 0F30               M         addlw   '0'
0000C0 6E8C               M         movwf   LATD
0000C2 EC?? F???          M         call    Epuls
                          M 
0000C6 C??? FFE8          M         movff   tiental,WREG
0000CA 0F30               M         addlw   '0'
0000CC 6E8C               M         movwf   LATD
0000CE EC?? F???          M         call    Epuls
                          M 
0000D2 C??? FFE8          M         movff   eenheid,WREG
0000D6 0F30               M         addlw   '0'
0000D8 6E8C               M         movwf   LATD
0000DA EC?? F???          M         call    Epuls
                          M 
                      00139                 
0000DE                00140 lus:    ;dummy om het programma niet te laten stoppen
0000DE 6A8C           00141                 clrf LATD ; alle LED ’s uit
0000E0 EC?? F???      00142                 call Delay ; wachten
0000E4 688C           00143                 setf LATD ; alle LED ’s aan
MPASM  5.50                TEMPLATEDWENGO.ASM   2-9-2015  10:57:27         PAGE  8


LOC  OBJECT CODE     LINE SOURCE TEXT
  VALUE

0000E6 EC?? F???      00144                 call Delay ; wachten
                      00145                 
0000EA D???           00146                 bra lus ; terug naar lus
                      00147         
                      00148 ; ============
                      00149 ; SUBROUTINES
                      00150 ; ============
                      00151 
                      00152 #include "subroutine.asm"
                      00001 ; ============
                      00002 ; SUBROUTINES
                      00003 ; ============
                      00004 
                      00005 
                      00006 ; Versturen puls naar enable - LCD op Dwengo bord
                      00007 ; ===============================================
0000EC                00008 Epuls
0000EC EC?? F???      00009         call    DelayLCD        ; wachten
0000F0 848D           00010         bsf             LATE,2          ; E hoog maken
0000F2 EC?? F???      00011         call    DelayLCD        ; wachten
0000F6 948D           00012         bcf             LATE,2          ; E laag maken
0000F8 0012           00013         return
                      00014 
                      00015         
                      00016 ; Delay routine - LCD op Dwengo bord
                      00017 ; ==================================
0000FA                00018 DelayLCD                                ; moet minimaal 160µs zijn (48MHz)
0000FA 0E0F           00019         movlw   0x0F
0000FC 6E??           00020         movwf   DVAR1
0000FE                00021 Delay1
0000FE 0EFF           00022         movlw   0xFF
000100 6E??           00023         movwf   DVAR2
000102                00024 Delay2
000102 2E??           00025         decfsz  DVAR2
000104 EF?? F???      00026         goto    Delay2
000108 2E??           00027         decfsz  DVAR1
00010A EF?? F???      00028         goto    Delay1
00010E 0012           00029         return
                      00030 
                      00031 ; Delay routine - algemeen
                      00032 ; ========================
                      00033 
000110                00034 Delay
000110 0E10           00035         movlw   0x10                    ;stel hier duur delay in
000112 6E??           00036         movwf   DVAR3
000114                00037 DelayExtra
000114 0EFF           00038         movlw   0xFF
000116 6E??           00039         movwf   DVAR2           
000118                00040 DelayOuter
000118 0EFF           00041         movlw   0xFF
00011A 6E??           00042         movwf   DVAR1           
00011C                00043 DelayInner
00011C 2E??           00044         decfsz  DVAR1
MPASM  5.50                TEMPLATEDWENGO.ASM   2-9-2015  10:57:27         PAGE  9


LOC  OBJECT CODE     LINE SOURCE TEXT
  VALUE

00011E EF?? F???      00045         goto    DelayInner
000122 2E??           00046         decfsz  DVAR2
000124 EF?? F???      00047         goto    DelayOuter
000128 2E??           00048         decfsz  DVAR3
00012A EF?? F???      00049         goto    DelayExtra
00012E 0012           00050         return
                      00051 
                      00052 ; Decimaal getal splitsen in cijfers (max. 255)
                      00053 ; =============================================
                      00054 
000130                00055 omzettingDecimaal
000130 6A??           00056        clrf    eenheid
000132 6A??           00057        clrf    tiental
000134 6A??           00058        clrf    honderdtal
000136                00059 deling1
000136 6A??           00060        clrf    quotient
000138                00061 lusdeling1
000138 2A??           00062        incf    quotient                        ;quotient verhogen
00013A 0E0A           00063        movlw   D'10'
00013C 5E??           00064        subwf   deeltal                       ;tien aftrekken
00013E E2??           00065        bc      lusdeling1                      ;zolang resultaat groter dan nul was blijven uitvoeren
000140 26??           00066        addwf   deeltal                         ;1 keer te veel afgetrokken, weer bijtellen
000142 C??? F???      00067        movff   deeltal,eenheid
000146 06??           00068        decf    quotient                        ;quotient een keer te veel verhoogd, weer verminderen
                      00069 
                      00070        ;quotiënt eerste deling bestaat nog uit twee decimale cijfers
                      00071        ;opnieuw "delen", rest is cijfer voor tientallen, quotient is cijfer voor honderdtallen
000148 C??? F???      00072        movff   quotient,deeltal
00014C                00073 deling2
00014C 6A??           00074        clrf    quotient
00014E                00075 lusdeling2
00014E 2A??           00076        incf    quotient
000150 0E0A           00077        movlw   D'10'
000152 5E??           00078        subwf   deeltal
000154 E2??           00079        bc      lusdeling2
000156 26??           00080        addwf   deeltal
000158 C??? F???      00081        movff   deeltal,tiental
00015C 06??           00082        decf    quotient
00015E C??? F???      00083            movff   quotient,honderdtal
000162 0012           00084        return   
                      00153 
                      00154 ;******************************************************************************
                      00155 ;Einde programma
                      00156         
                      00157         END
MPASM  5.50                TEMPLATEDWENGO.ASM   2-9-2015  10:57:27         PAGE 10


SYMBOL TABLE
  LABEL                             VALUE 

A                                 00000000
ABDEN                             00000000
ABDOVF                            00000007
ACCESS                            00000000
ACKDT                             00000005
ACKEN                             00000004
ACKSTAT                           00000006
ACQT0                             00000003
ACQT1                             00000004
ACQT2                             00000005
ACTVIE                            00000002
ACTVIF                            00000002
ADCON0                            00000FC2
ADCON1                            00000FC1
ADCON2                            00000FC0
ADCS0                             00000000
ADCS1                             00000001
ADCS2                             00000002
ADDEN                             00000003
ADDR0                             00000000
ADDR1                             00000001
ADDR2                             00000002
ADDR3                             00000003
ADDR4                             00000004
ADDR5                             00000005
ADDR6                             00000006
ADEN                              00000003
ADFM                              00000007
ADIE                              00000006
ADIF                              00000006
ADIP                              00000006
ADON                              00000000
ADRES                             00000FC3
ADRESH                            00000FC4
ADRESL                            00000FC3
AN0                               00000000
AN1                               00000001
AN2                               00000002
AN3                               00000003
AN4                               00000005
BANKED                            00000001
BAUDCON                           00000FB8
BAUDCTL                           00000FB8
BCLIE                             00000003
BCLIF                             00000003
BCLIP                             00000003
BF                                00000000
BGST                              00000005
BOR                               00000000
BRG16                             00000003
BRGH                              00000002
BSR                               00000FE0
BSR_TEMP                          00000302
MPASM  5.50                TEMPLATEDWENGO.ASM   2-9-2015  10:57:27         PAGE 11


SYMBOL TABLE
  LABEL                             VALUE 

BTOEE                             00000004
BTOEF                             00000004
BTSEE                             00000007
BTSEF                             00000007
C                                 00000000
C1INV                             00000004
C1OUT                             00000006
C2INV                             00000005
C2OUT                             00000007
CCP1                              00000002
CCP1AS                            00000FB6
CCP1CON                           00000FBD
CCP1DEL                           00000FB7
CCP1IE                            00000002
CCP1IF                            00000002
CCP1IP                            00000002
CCP1M0                            00000000
CCP1M1                            00000001
CCP1M2                            00000002
CCP1M3                            00000003
CCP2CON                           00000FBA
CCP2IE                            00000000
CCP2IF                            00000000
CCP2IP                            00000000
CCP2M0                            00000000
CCP2M1                            00000001
CCP2M2                            00000002
CCP2M3                            00000003
CCPR1                             00000FBE
CCPR1H                            00000FBF
CCPR1L                            00000FBE
CCPR2                             00000FBB
CCPR2H                            00000FBC
CCPR2L                            00000FBB
CFGS                              00000006
CHS0                              00000002
CHS1                              00000003
CHS2                              00000004
CHS3                              00000005
CIS                               00000003
CK                                00000006
CK1SPP                            00000000
CK2SPP                            00000001
CKE                               00000006
CKP                               00000004
CLK1EN                            00000004
CLKCFG0                           00000006
CLKCFG1                           00000007
CM0                               00000000
CM1                               00000001
CM2                               00000002
CMCON                             00000FB4
CMIE                              00000006
MPASM  5.50                TEMPLATEDWENGO.ASM   2-9-2015  10:57:27         PAGE 12


SYMBOL TABLE
  LABEL                             VALUE 

CMIF                              00000006
CMIP                              00000006
CRC16EE                           00000002
CRC16EF                           00000002
CRC5EE                            00000001
CRC5EF                            00000001
CREN                              00000004
CSEN                              00000005
CSRC                              00000007
CVR0                              00000000
CVR1                              00000001
CVR2                              00000002
CVR3                              00000003
CVRCON                            00000FB5
CVREF                             00000004
CVREN                             00000007
CVROE                             00000006
CVRR                              00000005
CVRSS                             00000004
D                                 00000005
DATA_ADDRESS                      00000005
DC                                00000001
DC1B0                             00000004
DC1B1                             00000005
DC2B0                             00000004
DC2B1                             00000005
DDRA                              TRISA
DDRB                              TRISB
DDRC                              TRISC
DDRD                              TRISD
DDRE                              TRISE
DFN8EE                            00000003
DFN8EF                            00000003
DIR                               00000002
DONE                              00000001
DVAR1                             00000303
DVAR2                             00000304
DVAR3                             00000305
D_A                               00000005
D_NOT_A                           00000005
Delay                             00000110
Delay1                            000000FE
Delay2                            00000102
DelayExtra                        00000114
DelayInner                        0000011C
DelayLCD                          000000FA
DelayLang                         00000030
DelayOuter                        00000118
ECCP1AS                           00000FB6
ECCP1CON                          00000FBD
ECCP1DEL                          00000FB7
ECCPAS0                           00000004
ECCPAS1                           00000005
MPASM  5.50                TEMPLATEDWENGO.ASM   2-9-2015  10:57:27         PAGE 13


SYMBOL TABLE
  LABEL                             VALUE 

ECCPAS2                           00000006
ECCPASE                           00000007
EEADR                             00000FA9
EECON1                            00000FA6
EECON2                            00000FA7
EEDATA                            00000FA8
EEIE                              00000004
EEIF                              00000004
EEIP                              00000004
EEPGD                             00000007
ENDP0                             00000003
ENDP1                             00000004
ENDP2                             00000005
ENDP3                             00000006
EPCONDIS                          00000003
EPHSHK                            00000004
EPINEN                            00000001
EPOUTEN                           00000002
EPSTALL                           00000000
EXAMPLE                           00000000
Epuls                             000000EC
FAST                              00000001
FERR                              00000002
FLTS                              00000002
FREE                              00000004
FRM0                              00000000
FRM1                              00000001
FRM10                             00000002
FRM2                              00000002
FRM3                              00000003
FRM4                              00000004
FRM5                              00000005
FRM6                              00000006
FRM7                              00000007
FRM8                              00000000
FRM9                              00000001
FSEN                              00000002
FSR0                              00000000
FSR0H                             00000FEA
FSR0L                             00000FE9
FSR1                              00000001
FSR1H                             00000FE2
FSR1L                             00000FE1
FSR2                              00000002
FSR2H                             00000FDA
FSR2L                             00000FD9
GCEN                              00000007
GIE                               00000007
GIEH                              00000007
GIEL                              00000006
GIE_GIEH                          00000007
GO                                00000001
GO_DONE                           00000001
MPASM  5.50                TEMPLATEDWENGO.ASM   2-9-2015  10:57:27         PAGE 14


SYMBOL TABLE
  LABEL                             VALUE 

GO_NOT_DONE                       00000001
HLVDCON                           00000FD2
HLVDEN                            00000004
HLVDIE                            00000002
HLVDIF                            00000002
HLVDIN                            00000005
HLVDIP                            00000002
HLVDL0                            00000000
HLVDL1                            00000001
HLVDL2                            00000002
HLVDL3                            00000003
HighInt                           00000000
I2C_DAT                           00000005
I2C_READ                          00000002
I2C_START                         00000003
I2C_STOP                          00000004
IDLEIE                            00000004
IDLEIF                            00000004
IDLEN                             00000007
INDF0                             00000FEF
INDF1                             00000FE7
INDF2                             00000FDF
INT0                              00000000
INT0E                             00000004
INT0F                             00000001
INT0IE                            00000004
INT0IF                            00000001
INT1                              00000001
INT1E                             00000003
INT1F                             00000000
INT1IE                            00000003
INT1IF                            00000000
INT1IP                            00000006
INT1P                             00000006
INT2                              00000002
INT2E                             00000004
INT2F                             00000001
INT2IE                            00000004
INT2IF                            00000001
INT2IP                            00000007
INT2P                             00000007
INTCON                            00000FF2
INTCON2                           00000FF1
INTCON3                           00000FF0
INTEDG0                           00000006
INTEDG1                           00000005
INTEDG2                           00000004
INTSRC                            00000007
IOFS                              00000002
IPEN                              00000007
IPR1                              00000F9F
IPR2                              00000FA2
IRCF0                             00000004
MPASM  5.50                TEMPLATEDWENGO.ASM   2-9-2015  10:57:27         PAGE 15


SYMBOL TABLE
  LABEL                             VALUE 

IRCF1                             00000005
IRCF2                             00000006
IRVST                             00000005
IVRST                             00000005
LATA                              00000F89
LATA0                             00000000
LATA1                             00000001
LATA2                             00000002
LATA3                             00000003
LATA4                             00000004
LATA5                             00000005
LATA6                             00000006
LATB                              00000F8A
LATB0                             00000000
LATB1                             00000001
LATB2                             00000002
LATB3                             00000003
LATB4                             00000004
LATB5                             00000005
LATB6                             00000006
LATB7                             00000007
LATC                              00000F8B
LATC0                             00000000
LATC1                             00000001
LATC2                             00000002
LATC6                             00000006
LATC7                             00000007
LATD                              00000F8C
LATD0                             00000000
LATD1                             00000001
LATD2                             00000002
LATD3                             00000003
LATD4                             00000004
LATD5                             00000005
LATD6                             00000006
LATD7                             00000007
LATE                              00000F8D
LATE0                             00000000
LATE1                             00000001
LATE2                             00000002
LCD_Char                          
LCD_Getal                         
LCD_Init                          
LCD_Lijn1                         
LCD_Lijn2                         
LVDCON                            00000FD2
LVDEN                             00000004
LVDIE                             00000002
LVDIF                             00000002
LVDIN                             00000005
LVDIP                             00000002
LVDL0                             00000000
LVDL1                             00000001
MPASM  5.50                TEMPLATEDWENGO.ASM   2-9-2015  10:57:27         PAGE 16


SYMBOL TABLE
  LABEL                             VALUE 

LVDL2                             00000002
LVDL3                             00000003
LVV0                              00000000
LVV1                              00000001
LVV2                              00000002
LVV3                              00000003
LowInt                            00000002
Main                              0000001C
N                                 00000004
NOT_A                             00000005
NOT_ADDRESS                       00000005
NOT_BOR                           00000000
NOT_DONE                          00000001
NOT_IPEN                          00000007
NOT_PD                            00000002
NOT_POR                           00000001
NOT_RBPU                          00000007
NOT_RI                            00000004
NOT_T1SYNC                        00000002
NOT_T3SYNC                        00000002
NOT_TO                            00000003
NOT_W                             00000002
NOT_WRITE                         00000002
OERR                              00000001
OESPP                             00000002
OSC2                              00000006
OSCCON                            00000FD3
OSCFIE                            00000007
OSCFIF                            00000007
OSCFIP                            00000007
OSCTUNE                           00000F9B
OSTS                              00000003
OV                                00000003
P                                 00000004
P1A                               00000002
P1M0                              00000006
P1M1                              00000007
PC                                00000FF9
PCFG0                             00000000
PCFG1                             00000001
PCFG2                             00000002
PCFG3                             00000003
PCL                               00000FF9
PCLATH                            00000FFA
PCLATU                            00000FFB
PD                                00000002
PDC0                              00000000
PDC1                              00000001
PDC2                              00000002
PDC3                              00000003
PDC4                              00000004
PDC5                              00000005
PDC6                              00000006
MPASM  5.50                TEMPLATEDWENGO.ASM   2-9-2015  10:57:27         PAGE 17


SYMBOL TABLE
  LABEL                             VALUE 

PEIE                              00000006
PEIE_GIEL                         00000006
PEN                               00000002
PGC                               00000006
PGD                               00000007
PGM                               00000005
PIDEE                             00000000
PIDEF                             00000000
PIE1                              00000F9D
PIE2                              00000FA0
PIR1                              00000F9E
PIR2                              00000FA1
PKTDIS                            00000004
PLUSW0                            00000FEB
PLUSW1                            00000FE3
PLUSW2                            00000FDB
POR                               00000001
PORTA                             00000F80
PORTB                             00000F81
PORTC                             00000F82
PORTD                             00000F83
PORTE                             00000F84
POSTDEC0                          00000FED
POSTDEC1                          00000FE5
POSTDEC2                          00000FDD
POSTINC0                          00000FEE
POSTINC1                          00000FE6
POSTINC2                          00000FDE
PPB0                              00000000
PPB1                              00000001
PPBI                              00000001
PPBRST                            00000006
PR2                               00000FCB
PREINC0                           00000FEC
PREINC1                           00000FE4
PREINC2                           00000FDC
PROD                              00000FF3
PRODH                             00000FF4
PRODL                             00000FF3
PRSEN                             00000007
PSA                               00000003
PSSAC0                            00000002
PSSAC1                            00000003
PSSBD0                            00000000
PSSBD1                            00000001
R                                 00000002
RA0                               00000000
RA1                               00000001
RA2                               00000002
RA3                               00000003
RA4                               00000004
RA5                               00000005
RA6                               00000006
MPASM  5.50                TEMPLATEDWENGO.ASM   2-9-2015  10:57:27         PAGE 18


SYMBOL TABLE
  LABEL                             VALUE 

RB0                               00000000
RB1                               00000001
RB2                               00000002
RB3                               00000003
RB4                               00000004
RB5                               00000005
RB6                               00000006
RB7                               00000007
RBIE                              00000003
RBIF                              00000000
RBIP                              00000000
RBPU                              00000007
RC0                               00000000
RC1                               00000001
RC2                               00000002
RC4                               00000004
RC5                               00000005
RC6                               00000006
RC7                               00000007
RCEN                              00000003
RCIDL                             00000006
RCIE                              00000005
RCIF                              00000005
RCIP                              00000005
RCMT                              00000006
RCON                              00000FD0
RCREG                             00000FAE
RCSTA                             00000FAB
RD                                00000000
RD0                               00000000
RD1                               00000001
RD16                              00000007
RD2                               00000002
RD3                               00000003
RD4                               00000004
RD5                               00000005
RD6                               00000006
RD7                               00000007
RDPU                              00000007
RDSPP                             00000007
RE0                               00000000
RE1                               00000001
RE2                               00000002
RE3                               00000003
READ_WRITE                        00000002
RESUME                            00000002
RI                                00000004
RSEN                              00000001
RX                                00000007
RX9                               00000006
RX9D                              00000000
RXDTP                             00000005
R_NOT_W                           00000002
MPASM  5.50                TEMPLATEDWENGO.ASM   2-9-2015  10:57:27         PAGE 19


SYMBOL TABLE
  LABEL                             VALUE 

R_W                               00000002
S                                 00000003
SBOREN                            00000006
SCKP                              00000004
SCS0                              00000000
SCS1                              00000001
SE0                               00000005
SEN                               00000000
SENDB                             00000003
SMP                               00000007
SOFIE                             00000006
SOFIF                             00000006
SPBRG                             00000FAF
SPBRGH                            00000FB0
SPEN                              00000007
SPP0                              00000000
SPP1                              00000001
SPP2                              00000002
SPP3                              00000003
SPP4                              00000004
SPP5                              00000005
SPP6                              00000006
SPP7                              00000007
SPPBUSY                           00000004
SPPCFG                            00000F63
SPPCON                            00000F65
SPPDATA                           00000F62
SPPEN                             00000000
SPPEPS                            00000F64
SPPIE                             00000007
SPPIF                             00000007
SPPIP                             00000007
SPPOWN                            00000001
SREN                              00000005
SSPADD                            00000FC8
SSPBUF                            00000FC9
SSPCON1                           00000FC6
SSPCON2                           00000FC5
SSPEN                             00000005
SSPIE                             00000003
SSPIF                             00000003
SSPIP                             00000003
SSPM0                             00000000
SSPM1                             00000001
SSPM2                             00000002
SSPM3                             00000003
SSPOV                             00000006
SSPSTAT                           00000FC7
STALLIE                           00000005
STALLIF                           00000005
STATUS                            00000FD8
STATUS_TEMP                       00000301
STKFUL                            00000007
MPASM  5.50                TEMPLATEDWENGO.ASM   2-9-2015  10:57:27         PAGE 20


SYMBOL TABLE
  LABEL                             VALUE 

STKOVF                            00000007
STKPTR                            00000FFC
STKPTR0                           00000000
STKPTR1                           00000001
STKPTR2                           00000002
STKPTR3                           00000003
STKPTR4                           00000004
STKUNF                            00000006
SUSPND                            00000001
SWDTE                             00000000
SWDTEN                            00000000
SYNC                              00000004
T08BIT                            00000006
T0CKI                             00000004
T0CON                             00000FD5
T0CS                              00000005
T0IE                              00000005
T0IF                              00000002
T0IP                              00000002
T0PS0                             00000000
T0PS1                             00000001
T0PS2                             00000002
T0SE                              00000004
T13CKI                            00000000
T1CKPS0                           00000004
T1CKPS1                           00000005
T1CON                             00000FCD
T1OSCEN                           00000003
T1OSI                             00000001
T1OSO                             00000000
T1RUN                             00000006
T1SYNC                            00000002
T2CKPS0                           00000000
T2CKPS1                           00000001
T2CON                             00000FCA
T2OUTPS0                          00000003
T2OUTPS1                          00000004
T2OUTPS2                          00000005
T2OUTPS3                          00000006
T3CCP1                            00000003
T3CCP2                            00000006
T3CKPS0                           00000004
T3CKPS1                           00000005
T3CON                             00000FB1
T3NSYNC                           00000002
T3SYNC                            00000002
TABLAT                            00000FF5
TBLPTR                            00000FF6
TBLPTRH                           00000FF7
TBLPTRL                           00000FF6
TBLPTRU                           00000FF8
TMR0                              00000FD6
TMR0H                             00000FD7
MPASM  5.50                TEMPLATEDWENGO.ASM   2-9-2015  10:57:27         PAGE 21


SYMBOL TABLE
  LABEL                             VALUE 

TMR0IE                            00000005
TMR0IF                            00000002
TMR0IP                            00000002
TMR0L                             00000FD6
TMR0ON                            00000007
TMR1                              00000FCE
TMR1CS                            00000001
TMR1H                             00000FCF
TMR1IE                            00000000
TMR1IF                            00000000
TMR1IP                            00000000
TMR1L                             00000FCE
TMR1ON                            00000000
TMR2                              00000FCC
TMR2IE                            00000001
TMR2IF                            00000001
TMR2IP                            00000001
TMR2ON                            00000002
TMR3                              00000FB2
TMR3CS                            00000001
TMR3H                             00000FB3
TMR3IE                            00000001
TMR3IF                            00000001
TMR3IP                            00000001
TMR3L                             00000FB2
TMR3ON                            00000000
TO                                00000003
TOS                               00000FFD
TOSH                              00000FFE
TOSL                              00000FFD
TOSU                              00000FFF
TOUTPS0                           00000003
TOUTPS1                           00000004
TOUTPS2                           00000005
TOUTPS3                           00000006
TRISA                             00000F92
TRISA0                            00000000
TRISA1                            00000001
TRISA2                            00000002
TRISA3                            00000003
TRISA4                            00000004
TRISA5                            00000005
TRISA6                            00000006
TRISB                             00000F93
TRISB0                            00000000
TRISB1                            00000001
TRISB2                            00000002
TRISB3                            00000003
TRISB4                            00000004
TRISB5                            00000005
TRISB6                            00000006
TRISB7                            00000007
TRISC                             00000F94
MPASM  5.50                TEMPLATEDWENGO.ASM   2-9-2015  10:57:27         PAGE 22


SYMBOL TABLE
  LABEL                             VALUE 

TRISC0                            00000000
TRISC1                            00000001
TRISC2                            00000002
TRISC6                            00000006
TRISC7                            00000007
TRISD                             00000F95
TRISD0                            00000000
TRISD1                            00000001
TRISD2                            00000002
TRISD3                            00000003
TRISD4                            00000004
TRISD5                            00000005
TRISD6                            00000006
TRISD7                            00000007
TRISE                             00000F96
TRISE0                            00000000
TRISE1                            00000001
TRISE2                            00000002
TRMT                              00000001
TRNIE                             00000003
TRNIF                             00000003
TUN0                              00000000
TUN1                              00000001
TUN2                              00000002
TUN3                              00000003
TUN4                              00000004
TX                                00000006
TX9                               00000006
TX9D                              00000000
TXCKP                             00000004
TXEN                              00000005
TXIE                              00000004
TXIF                              00000004
TXIP                              00000004
TXREG                             00000FAD
TXSTA                             00000FAC
UA                                00000001
UADDR                             00000F6E
UCFG                              00000F6F
UCON                              00000F6D
UEIE                              00000F6B
UEIR                              00000F6A
UEP0                              00000F70
UEP1                              00000F71
UEP10                             00000F7A
UEP11                             00000F7B
UEP12                             00000F7C
UEP13                             00000F7D
UEP14                             00000F7E
UEP15                             00000F7F
UEP2                              00000F72
UEP3                              00000F73
UEP4                              00000F74
MPASM  5.50                TEMPLATEDWENGO.ASM   2-9-2015  10:57:27         PAGE 23


SYMBOL TABLE
  LABEL                             VALUE 

UEP5                              00000F75
UEP6                              00000F76
UEP7                              00000F77
UEP8                              00000F78
UEP9                              00000F79
UERRIE                            00000001
UERRIF                            00000001
UFRM                              00000F66
UFRMH                             00000F67
UFRML                             00000F66
UIE                               00000F69
UIR                               00000F68
UOEMON                            00000006
UPUEN                             00000004
URSTIE                            00000000
URSTIF                            00000000
USBEN                             00000003
USBIE                             00000005
USBIF                             00000005
USBIP                             00000005
USTAT                             00000F6C
UTEYE                             00000007
UTRDIS                            00000003
VCFG0                             00000004
VCFG1                             00000005
VDIRMAG                           00000007
VREFM                             00000002
VREFP                             00000003
W                                 00000000
WCOL                              00000007
WDTCON                            00000FD1
WR                                00000001
WREG                              00000FE8
WREG_TEMP                         00000300
WREN                              00000002
WRERR                             00000003
WRSPP                             00000006
WS0                               00000000
WS1                               00000001
WS2                               00000002
WS3                               00000003
WUE                               00000001
Z                                 00000002
_BORV_0_2L                        000000E7
_BORV_1_2L                        000000EF
_BORV_2_2L                        000000F7
_BORV_3_2L                        000000FF
_BOR_OFF_2L                       000000F9
_BOR_ON_2L                        000000FF
_BOR_ON_ACTIVE_2L                 000000FD
_BOR_SOFT_2L                      000000FB
_CCP2MX_OFF_3H                    000000FE
_CCP2MX_ON_3H                     000000FF
MPASM  5.50                TEMPLATEDWENGO.ASM   2-9-2015  10:57:27         PAGE 24


SYMBOL TABLE
  LABEL                             VALUE 

_CONFIG1H                         00300001
_CONFIG1L                         00300000
_CONFIG2H                         00300003
_CONFIG2L                         00300002
_CONFIG3H                         00300005
_CONFIG4L                         00300006
_CONFIG5H                         00300009
_CONFIG5L                         00300008
_CONFIG6H                         0030000B
_CONFIG6L                         0030000A
_CONFIG7H                         0030000D
_CONFIG7L                         0030000C
_CP0_OFF_5L                       000000FF
_CP0_ON_5L                        000000FE
_CP1_OFF_5L                       000000FF
_CP1_ON_5L                        000000FD
_CP2_OFF_5L                       000000FF
_CP2_ON_5L                        000000FB
_CP3_OFF_5L                       000000FF
_CP3_ON_5L                        000000F7
_CPB_OFF_5H                       000000FF
_CPB_ON_5H                        000000BF
_CPD_OFF_5H                       000000FF
_CPD_ON_5H                        0000007F
_CPUDIV_OSC1_PLL2_1L              000000E7
_CPUDIV_OSC2_PLL3_1L              000000EF
_CPUDIV_OSC3_PLL4_1L              000000F7
_CPUDIV_OSC4_PLL6_1L              000000FF
_DEBUG_OFF_4L                     000000FF
_DEBUG_ON_4L                      0000007F
_DEVID1                           003FFFFE
_DEVID2                           003FFFFF
_EBTR0_OFF_7L                     000000FF
_EBTR0_ON_7L                      000000FE
_EBTR1_OFF_7L                     000000FF
_EBTR1_ON_7L                      000000FD
_EBTR2_OFF_7L                     000000FF
_EBTR2_ON_7L                      000000FB
_EBTR3_OFF_7L                     000000FF
_EBTR3_ON_7L                      000000F7
_EBTRB_OFF_7H                     000000FF
_EBTRB_ON_7H                      000000BF
_FCMEN_OFF_1H                     000000BF
_FCMEN_ON_1H                      000000FF
_FOSC_ECIO_EC_1H                  000000F4
_FOSC_ECPLLIO_EC_1H               000000F6
_FOSC_ECPLL_EC_1H                 000000F7
_FOSC_EC_EC_1H                    000000F5
_FOSC_HSPLL_HS_1H                 000000FE
_FOSC_HS_1H                       000000FC
_FOSC_INTOSCIO_EC_1H              000000F8
_FOSC_INTOSC_EC_1H                000000F9
_FOSC_INTOSC_HS_1H                000000FB
MPASM  5.50                TEMPLATEDWENGO.ASM   2-9-2015  10:57:27         PAGE 25


SYMBOL TABLE
  LABEL                             VALUE 

_FOSC_INTOSC_XT_1H                000000FA
_FOSC_XTPLL_XT_1H                 000000F2
_FOSC_XT_XT_1H                    000000F0
_ICPRT_OFF_4L                     000000DF
_ICPRT_ON_4L                      000000FF
_IDLOC0                           00200000
_IDLOC1                           00200001
_IDLOC2                           00200002
_IDLOC3                           00200003
_IDLOC4                           00200004
_IDLOC5                           00200005
_IDLOC6                           00200006
_IDLOC7                           00200007
_IESO_OFF_1H                      0000007F
_IESO_ON_1H                       000000FF
_LPT1OSC_OFF_3H                   000000FB
_LPT1OSC_ON_3H                    000000FF
_LVP_OFF_4L                       000000FB
_LVP_ON_4L                        000000FF
_MCLRE_OFF_3H                     0000007F
_MCLRE_ON_3H                      000000FF
_PBADEN_OFF_3H                    000000FD
_PBADEN_ON_3H                     000000FF
_PLLDIV_10_1L                     000000FE
_PLLDIV_12_1L                     000000FF
_PLLDIV_1_1L                      000000F8
_PLLDIV_2_1L                      000000F9
_PLLDIV_3_1L                      000000FA
_PLLDIV_4_1L                      000000FB
_PLLDIV_5_1L                      000000FC
_PLLDIV_6_1L                      000000FD
_PWRT_OFF_2L                      000000FF
_PWRT_ON_2L                       000000FE
_STVREN_OFF_4L                    000000FE
_STVREN_ON_4L                     000000FF
_USBDIV_1_1L                      000000DF
_USBDIV_2_1L                      000000FF
_VREGEN_OFF_2L                    000000DF
_VREGEN_ON_2L                     000000FF
_WDTPS_1024_2H                    000000F5
_WDTPS_128_2H                     000000EF
_WDTPS_16384_2H                   000000FD
_WDTPS_16_2H                      000000E9
_WDTPS_1_2H                       000000E1
_WDTPS_2048_2H                    000000F7
_WDTPS_256_2H                     000000F1
_WDTPS_2_2H                       000000E3
_WDTPS_32768_2H                   000000FF
_WDTPS_32_2H                      000000EB
_WDTPS_4096_2H                    000000F9
_WDTPS_4_2H                       000000E5
_WDTPS_512_2H                     000000F3
_WDTPS_64_2H                      000000ED
MPASM  5.50                TEMPLATEDWENGO.ASM   2-9-2015  10:57:27         PAGE 26


SYMBOL TABLE
  LABEL                             VALUE 

_WDTPS_8192_2H                    000000FB
_WDTPS_8_2H                       000000E7
_WDT_OFF_2H                       000000FE
_WDT_ON_2H                        000000FF
_WRT0_OFF_6L                      000000FF
_WRT0_ON_6L                       000000FE
_WRT1_OFF_6L                      000000FF
_WRT1_ON_6L                       000000FD
_WRT2_OFF_6L                      000000FF
_WRT2_ON_6L                       000000FB
_WRT3_OFF_6L                      000000FF
_WRT3_ON_6L                       000000F7
_WRTB_OFF_6H                      000000FF
_WRTB_ON_6H                       000000BF
_WRTC_OFF_6H                      000000FF
_WRTC_ON_6H                       000000DF
_WRTD_OFF_6H                      000000FF
_WRTD_ON_6H                       0000007F
_XINST_OFF_4L                     000000BF
_XINST_ON_4L                      000000FF
__18F4550                         00000001
__DEBUG                           1
deeltal                           00000309
deling1                           00000136
deling2                           0000014C
eenheid                           00000308
honderdtal                        00000306
lus                               000000DE
lusdeling1                        00000138
lusdeling2                        0000014E
omzettingDecimaal                 00000130
quotient                          0000030A
tiental                           00000307
voorbeeld                         0000030B

Errors   :     0
Warnings :     0 reported,     0 suppressed
Messages :     0 reported,     0 suppressed

